MiniScopeControl.obj : error LNK2001: 外部シンボル ""int __cdecl cv::_interlockedExchangeAdd(int *,int)" (?_interlockedExchangeAdd@cv@@YAHPEAHH@Z)" は未解決です。
MiniScopeControl.obj : error LNK2001: 外部シンボル ""void __cdecl cv::fastFree(void *)" (?fastFree@cv@@YAXPEAX@Z)" は未解決です。
MiniScopeControl.obj : error LNK2001: 外部シンボル ""public: void __cdecl cv::Mat::deallocate(void)" (?deallocate@Mat@cv@@QEAAXXZ)" は未解決です。
MiniScopeControl.obj : error LNK2001: 外部シンボル ""public: virtual __cdecl cv::VideoCapture::~VideoCapture(void)" (??1VideoCapture@cv@@UEAA@XZ)" は未解決です。
MiniScopeControlDlg.obj : error LNK2001: 外部シンボル ""public: __cdecl cv::_OutputArray::_OutputArray(class cv::Mat &)" (??0_OutputArray@cv@@QEAA@AEAVMat@1@@Z)" は未解決です。
MiniScopeControlDlg.obj : error LNK2001: 外部シンボル ""public: __cdecl cv::_InputArray::_InputArray(class cv::Mat const &)" (??0_InputArray@cv@@QEAA@AEBVMat@1@@Z)" は未解決です。
MiniScopeControlDlg.obj : error LNK2001: 外部シンボル ""public: void __cdecl cv::Mat::convertTo(class cv::_OutputArray const &,int,double,double)const " (?convertTo@Mat@cv@@QEBAXAEBV_OutputArray@2@HNN@Z)" は未解決です。
MiniScopeControlDlg.obj : error LNK2001: 外部シンボル ""public: __cdecl cv::Mat::Mat(class cv::Mat const &,class cv::Rect_<int> const &)" (??0Mat@cv@@QEAA@AEBV01@AEBV?$Rect_@H@1@@Z)" は未解決です。
MiniScopeControlDlg.obj : error LNK2001: 外部シンボル ""class cv::_OutputArray const & __cdecl cv::noArray(void)" (?noArray@cv@@YAAEBV_OutputArray@1@XZ)" は未解決です。
MiniScopeControlDlg.obj : error LNK2001: 外部シンボル ""public: __cdecl cv::VideoCapture::VideoCapture(void)" (??0VideoCapture@cv@@QEAA@XZ)" は未解決です。
MiniScopeControlDlg.obj : error LNK2001: 外部シンボル ""void __cdecl cv::namedWindow(class std::basic_string<char,struct std::char_traits<char>,class std::allocator<char> > const &,int)" (?namedWindow@cv@@YAXAEBV?$basic_string@DU?$char_traits@D@std@@V?$allocator@D@2@@std@@H@Z)" は未解決です。
MiniScopeControlDlg.obj : error LNK2001: 外部シンボル ""void __cdecl cv::moveWindow(class std::basic_string<char,struct std::char_traits<char>,class std::allocator<char> > const &,int,int)" (?moveWindow@cv@@YAXAEBV?$basic_string@DU?$char_traits@D@std@@V?$allocator@D@2@@std@@HH@Z)" は未解決です。
MiniScopeControlDlg.obj : error LNK2001: 外部シンボル ""void __cdecl cv::setMouseCallback(class std::basic_string<char,struct std::char_traits<char>,class std::allocator<char> > const &,void (__cdecl*)(int,int,int,int,void *),void *)" (?setMouseCallback@cv@@YAXAEBV?$basic_string@DU?$char_traits@D@std@@V?$allocator@D@2@@std@@P6AXHHHHPEAX@Z1@Z)" は未解決です。
MiniScopeControlDlg.obj : error LNK2001: 外部シンボル ""class cv::Mat __cdecl cv::imread(class std::basic_string<char,struct std::char_traits<char>,class std::allocator<char> > const &,int)" (?imread@cv@@YA?AVMat@1@AEBV?$basic_string@DU?$char_traits@D@std@@V?$allocator@D@2@@std@@H@Z)" は未解決です。
MiniScopeControlDlg.obj : error LNK2001: 外部シンボル ""void __cdecl cv::imshow(class std::basic_string<char,struct std::char_traits<char>,class std::allocator<char> > const &,class cv::_InputArray const &)" (?imshow@cv@@YAXAEBV?$basic_string@DU?$char_traits@D@std@@V?$allocator@D@2@@std@@AEBV_InputArray@1@@Z)" は未解決です。
MiniScopeControlDlg.obj : error LNK2001: 外部シンボル ""bool __cdecl cv::imwrite(class std::basic_string<char,struct std::char_traits<char>,class std::allocator<char> > const &,class cv::_InputArray const &,class std::vector<int,class std::allocator<int> > const &)" (?imwrite@cv@@YA_NAEBV?$basic_string@DU?$char_traits@D@std@@V?$allocator@D@2@@std@@AEBV_InputArray@1@AEBV?$vector@HV?$allocator@H@std@@@3@@Z)" は未解決です。
MiniScopeControlDlg.obj : error LNK2001: 外部シンボル ""void __cdecl cv::cvtColor(class cv::_InputArray const &,class cv::_OutputArray const &,int,int)" (?cvtColor@cv@@YAXAEBV_InputArray@1@AEBV_OutputArray@1@HH@Z)" は未解決です。
MiniScopeControlDlg.obj : error LNK2001: 外部シンボル ""void __cdecl cv::minMaxLoc(class cv::_InputArray const &,double *,double *,class cv::Point_<int> *,class cv::Point_<int> *,class cv::_InputArray const &)" (?minMaxLoc@cv@@YAXAEBV_InputArray@1@PEAN1PEAV?$Point_@H@1@20@Z)" は未解決です。
MiniScopeControlDlg.obj : error LNK2001: 外部シンボル ""void __cdecl cv::split(class cv::Mat const &,class cv::Mat *)" (?split@cv@@YAXAEBVMat@1@PEAV21@@Z)" は未解決です。
MiniScopeControlDlg.obj : error LNK2001: 外部シンボル ""public: static class cv::MatExpr __cdecl cv::Mat::zeros(int,int,int)" (?zeros@Mat@cv@@SA?AVMatExpr@2@HHH@Z)" は未解決です。
MiniScopeControlDlg.obj : error LNK2001: 外部シンボル ""void __cdecl cv::merge(class cv::Mat const *,unsigned __int64,class cv::_OutputArray const &)" (?merge@cv@@YAXPEBVMat@1@_KAEBV_OutputArray@1@@Z)" は未解決です。
MiniScopeControlDlg.obj : error LNK2001: 外部シンボル ""void __cdecl cv::rectangle(class cv::Mat &,class cv::Point_<int>,class cv::Point_<int>,class cv::Scalar_<double> const &,int,int,int)" (?rectangle@cv@@YAXAEAVMat@1@V?$Point_@H@1@1AEBV?$Scalar_@N@1@HHH@Z)" は未解決です。
MiniScopeControlDlg.obj : error LNK2001: 外部シンボル ""public: __cdecl cv::VideoWriter::VideoWriter(void)" (??0VideoWriter@cv@@QEAA@XZ)" は未解決です。
MiniScopeControlDlg.obj : error LNK2001: 外部シンボル ""public: virtual __cdecl cv::VideoWriter::~VideoWriter(void)" (??1VideoWriter@cv@@UEAA@XZ)" は未解決です。
MiniScopeControlDlg.obj : error LNK2001: 外部シンボル ""public: virtual bool __cdecl cv::VideoWriter::open(class std::basic_string<char,struct std::char_traits<char>,class std::allocator<char> > const &,int,double,class cv::Size_<int>,bool)" (?open@VideoWriter@cv@@UEAA_NAEBV?$basic_string@DU?$char_traits@D@std@@V?$allocator@D@2@@std@@HNV?$Size_@H@2@_N@Z)" は未解決です。
MiniScopeControlDlg.obj : error LNK2001: 外部シンボル ""public: virtual void __cdecl cv::VideoWriter::write(class cv::Mat const &)" (?write@VideoWriter@cv@@UEAAXAEBVMat@2@@Z)" は未解決です。
MiniScopeControlDlg.obj : error LNK2001: 外部シンボル ""public: virtual void __cdecl cv::VideoWriter::release(void)" (?release@VideoWriter@cv@@UEAAXXZ)" は未解決です。
C:\Users\admin2\Desktop\iiis_DAQsoftware\x64\Release_static\MiniScopeControl.exe : fatal error LNK1120: 27 件の未解決の外部参照
